<?xml version="1.0" encoding="UTF-8"?>
<!-- Generated by org.testng.reporters.JUnitReportReporter -->
<testsuite hostname="teracoms-Mac-mini.local" failures="0" tests="2" name="webdriver.Topic_02_register" time="3.336" errors="0" timestamp="18 Oct 2022 10:33:41 GMT" skipped="0">
  <testcase classname="webdriver.Topic_02_register" name="TC_02" time="3.323"/>
  <testcase classname="webdriver.Topic_02_register" name="TC_01_ValidateCurrentUrl" time="0.013"/>
</testsuite> <!-- webdriver.Topic_02_register -->
