<?xml version="1.0" encoding="UTF-8"?>
<!-- Generated by org.testng.reporters.JUnitReportReporter -->
<testsuite hostname="teracoms-Mac-mini.local" failures="0" tests="3" name="webdriver.Topic_01_Check_Environment" time="0.154" errors="0" timestamp="20 Oct 2022 02:47:31 GMT" skipped="0">
  <testcase classname="webdriver.Topic_01_Check_Environment" name="TC_01_ValidateCurrentUrl" time="0.029"/>
  <testcase classname="webdriver.Topic_01_Check_Environment" name="TC_02_ValidatePageTitle" time="0.006"/>
  <testcase classname="webdriver.Topic_01_Check_Environment" name="TC_03_LoginFormDisplayed" time="0.119"/>
</testsuite> <!-- webdriver.Topic_01_Check_Environment -->
